  Shader.cpp
  Renderer.cpp
  IndexBuffer.cpp
  Main.cpp
C:\Program Files (x86)\Windows Kits\10\Include\10.0.22000.0\shared\minwindef.h(130,1): warning C4005: 'APIENTRY': macro redefinition
C:\dev\CS 425 C3P0\CS-425-Team-20\jason-mills\Rendering\Dependencies\GLFW\include\GLFW\glfw3.h(123,1): message : see previous definition of 'APIENTRY'
C:\dev\CS 425 C3P0\CS-425-Team-20\jason-mills\Rendering\Rendering\src\Main.cpp(125,23): warning C4018: '<': signed/unsigned mismatch
  stb_image.cpp
  VertexArray.cpp
C:\dev\CS 425 C3P0\CS-425-Team-20\jason-mills\Rendering\Rendering\src\VertexArray.cpp(24,116): warning C4312: 'type cast': conversion from 'unsigned int' to 'const void *' of greater size
  VertexBuffer.cpp
  Texture.cpp
  STL.cpp
C:\dev\CS 425 C3P0\CS-425-Team-20\jason-mills\Rendering\Rendering\src\STL.cpp(13,1): warning C4305: 'initializing': truncation from 'double' to 'float'
C:\dev\CS 425 C3P0\CS-425-Team-20\jason-mills\Rendering\Rendering\src\STL.cpp(37,20): warning C4018: '<': signed/unsigned mismatch
C:\dev\CS 425 C3P0\CS-425-Team-20\jason-mills\Rendering\Rendering\src\STL.cpp(83,20): warning C4018: '<': signed/unsigned mismatch
  Generating Code...
glew32s.lib(glew.obj) : warning LNK4099: PDB '' was not found with 'glew32s.lib(glew.obj)' or at ''; linking object as if no debug info
LINK : warning LNK4098: defaultlib 'LIBCMT' conflicts with use of other libs; use /NODEFAULTLIB:library
LINK : warning LNK4098: defaultlib 'MSVCRT' conflicts with use of other libs; use /NODEFAULTLIB:library
  Rendering.vcxproj -> C:\dev\CS 425 C3P0\CS-425-Team-20\jason-mills\Rendering\bin\x64\Debug\Rendering.exe
